[ 2025-08-18 17:38:41,564 ] 1025 httpx - INFO - HTTP Request: GET https://dagshub.com/api/v1/user "HTTP/1.1 200 OK"
[ 2025-08-18 17:38:41,569 ] 107 dagshub - INFO - Accessing as makadiyadeep
[ 2025-08-18 17:38:42,177 ] 1025 httpx - INFO - HTTP Request: GET https://dagshub.com/api/v1/repos/makadiyadeep/NetWorkSecurity "HTTP/1.1 200 OK"
[ 2025-08-18 17:38:42,687 ] 1025 httpx - INFO - HTTP Request: GET https://dagshub.com/api/v1/user "HTTP/1.1 200 OK"
[ 2025-08-18 17:38:42,690 ] 107 dagshub - INFO - Initialized MLflow to track repo "makadiyadeep/NetWorkSecurity"
[ 2025-08-18 17:38:42,691 ] 107 dagshub - INFO - Repository makadiyadeep/NetWorkSecurity initialized!
[ 2025-08-18 17:38:42,691 ] 21 root - INFO - Initiate the data ingestion
[ 2025-08-18 17:38:44,391 ] 65 root - INFO - Performed train test split on the dataframe
[ 2025-08-18 17:38:44,391 ] 67 root - INFO - Exited split_data_as_train_test method of Data_Ingestion class
[ 2025-08-18 17:38:44,391 ] 75 root - INFO - Exporting train and test file path.
[ 2025-08-18 17:38:44,420 ] 84 root - INFO - Exported train and test file path.
[ 2025-08-18 17:38:44,420 ] 23 root - INFO - Data ingestion completed
[ 2025-08-18 17:38:44,423 ] 27 root - INFO - Initiate the data Validation
[ 2025-08-18 17:38:44,434 ] 32 root - INFO - Required number of columns:2
[ 2025-08-18 17:38:44,434 ] 33 root - INFO - Data frame has columns:31
[ 2025-08-18 17:38:44,434 ] 32 root - INFO - Required number of columns:2
[ 2025-08-18 17:38:44,434 ] 33 root - INFO - Data frame has columns:31
[ 2025-08-18 17:38:44,514 ] 29 root - INFO - data Validation Completed
[ 2025-08-18 17:38:44,514 ] 32 root - INFO - data Transformation started
[ 2025-08-18 17:38:44,514 ] 63 root - INFO - Entered initiate_data_transformation method of DataTransformation class
[ 2025-08-18 17:38:44,514 ] 65 root - INFO - Starting data transformation
[ 2025-08-18 17:38:44,524 ] 48 root - INFO - Entered get_data_trnasformer_object method of Trnasformation class
[ 2025-08-18 17:38:44,524 ] 53 root - INFO - Initialise KNNImputer with {'missing_values': nan, 'n_neighbors': 3, 'weights': 'uniform'}
[ 2025-08-18 17:38:44,527 ] 46 root - INFO - Entered the save_object method of MainUtils class
[ 2025-08-18 17:38:44,529 ] 50 root - INFO - Exited the save_object method of MainUtils class
[ 2025-08-18 17:38:44,529 ] 46 root - INFO - Entered the save_object method of MainUtils class
[ 2025-08-18 17:38:44,530 ] 50 root - INFO - Exited the save_object method of MainUtils class
[ 2025-08-18 17:38:44,530 ] 36 root - INFO - data Transformation completed
[ 2025-08-18 17:38:44,530 ] 38 root - INFO - Model Training started
[ 2025-08-18 17:45:59,878 ] 46 root - INFO - Entered the save_object method of MainUtils class
[ 2025-08-18 17:45:59,879 ] 50 root - INFO - Exited the save_object method of MainUtils class
[ 2025-08-18 17:45:59,879 ] 46 root - INFO - Entered the save_object method of MainUtils class
[ 2025-08-18 17:45:59,891 ] 50 root - INFO - Exited the save_object method of MainUtils class
[ 2025-08-18 17:45:59,891 ] 138 root - INFO - Model trainer artifact: ModelTrainerArtifact(trained_model_file_path='Artifacts/08_18_2025_17_38_39/model_trainer/trained_model/model.pkl', train_metric_artifact=ClassificationMetricArtifact(f1_score=0.9907997169143666, precision_score=0.9883017345703913, recall_score=0.9933103588080275), test_metric_artifact=ClassificationMetricArtifact(f1_score=0.9780844155844156, precision_score=0.9717741935483871, recall_score=0.9844771241830066))
[ 2025-08-18 17:45:59,893 ] 43 root - INFO - Model Training artifact created
